#
# There is insufficient memory for the Java Runtime Environment to continue.
# Native memory allocation (malloc) failed to allocate 489136 bytes for Chunk::new
# Possible reasons:
#   The system is out of physical RAM or swap space
#   The process is running with CompressedOops enabled, and the Java Heap may be blocking the growth of the native heap
# Possible solutions:
#   Reduce memory load on the system
#   Increase physical memory or swap space
#   Check if swap backing store is full
#   Decrease Java heap size (-Xmx/-Xms)
#   Decrease number of Java threads
#   Decrease Java thread stack sizes (-Xss)
#   Set larger code cache with -XX:ReservedCodeCacheSize=
#   JVM is running with Unscaled Compressed Oops mode in which the Java heap is
#     placed in the first 4GB address space. The Java Heap base address is the
#     maximum limit for the native heap growth. Please use -XX:HeapBaseMinAddress
#     to set the Java Heap base and to place the Java Heap above 4GB virtual address.
# This output file may be truncated or incomplete.
#
#  Out of Memory Error (./open/src/hotspot/share/memory/arena.cpp:195), pid=9652, tid=12644
#
# JRE version: OpenJDK Runtime Environment (14.0.1+7) (build 14.0.1+7)
# Java VM: OpenJDK 64-Bit Server VM (14.0.1+7, mixed mode, sharing, tiered, compressed oops, g1 gc, windows-amd64)
# No core dump will be written. Minidumps are not enabled by default on client versions of Windows
#

---------------  S U M M A R Y ------------

Command Line: -Didea.launcher.port=52041 -Didea.launcher.bin.path=C:\Program Files\JetBrains\IntelliJ IDEA Community Edition 2019.2.3\bin -Dfile.encoding=UTF-8 com.intellij.rt.execution.application.AppMainV2 view.SpaceInvaders

Host: Intel(R) Core(TM) i5-7200U CPU @ 2.50GHz, 4 cores, 7G,  Windows 10 , 64 bit Build 18362 (10.0.18362.900)
Time: Wed Jun 24 13:24:27 2020 Mitteleuropaische Sommerzeit  elapsed time: 2 seconds (0d 0h 0m 2s)

---------------  T H R E A D  ---------------

Current thread (0x000002866046c000):  JavaThread "C2 CompilerThread1" daemon [_thread_in_native, id=12644, stack(0x000000f7b7800000,0x000000f7b7900000)]


Current CompileTask:
C2:   2648 1119   !   4       java.net.URL::<init> (543 bytes)

Stack: [0x000000f7b7800000,0x000000f7b7900000]
Native frames: (J=compiled Java code, j=interpreted, Vv=VM code, C=native code)
V  [jvm.dll+0x5f840a]
V  [jvm.dll+0x741e4a]
V  [jvm.dll+0x7435ff]
V  [jvm.dll+0x743c43]
V  [jvm.dll+0x20d288]
V  [jvm.dll+0xabb07]
V  [jvm.dll+0xac1fc]
V  [jvm.dll+0x31c468]
V  [jvm.dll+0x18cc10]
V  [jvm.dll+0x1e5efa]
V  [jvm.dll+0x1e50b8]
V  [jvm.dll+0x1779cc]
V  [jvm.dll+0x1f4105]
V  [jvm.dll+0x1f22eb]
V  [jvm.dll+0x706a9d]
V  [jvm.dll+0x6ff8ba]
V  [jvm.dll+0x5f72c6]
C  [ucrtbase.dll+0x20e82]
C  [KERNEL32.DLL+0x17bd4]
C  [ntdll.dll+0x6ce51]


---------------  P R O C E S S  ---------------

Threads class SMR info:
_java_thread_list=0x000002865f34a720, length=19, elements={
0x0000028635ead800, 0x00000286565ae000, 0x00000286565af000, 0x00000286565ce800,
0x00000286565d1800, 0x00000286565d2800, 0x00000286565d3800, 0x00000286565db000,
0x0000028656fb0000, 0x0000028657079000, 0x000002865707f800, 0x00000286570ea800,
0x0000028657142800, 0x0000028657925000, 0x0000028657ad4000, 0x0000028657ad5000,
0x0000028657ba1800, 0x000002866046c000, 0x000002866048d000
}

Java Threads: ( => current thread )
  0x0000028635ead800 JavaThread "main" [_thread_blocked, id=8168, stack(0x000000f7b5600000,0x000000f7b5700000)]
  0x00000286565ae000 JavaThread "Reference Handler" daemon [_thread_blocked, id=5944, stack(0x000000f7b5d00000,0x000000f7b5e00000)]
  0x00000286565af000 JavaThread "Finalizer" daemon [_thread_blocked, id=8396, stack(0x000000f7b5e00000,0x000000f7b5f00000)]
  0x00000286565ce800 JavaThread "Signal Dispatcher" daemon [_thread_blocked, id=5276, stack(0x000000f7b5f00000,0x000000f7b6000000)]
  0x00000286565d1800 JavaThread "Attach Listener" daemon [_thread_blocked, id=8160, stack(0x000000f7b6000000,0x000000f7b6100000)]
  0x00000286565d2800 JavaThread "Service Thread" daemon [_thread_blocked, id=14940, stack(0x000000f7b6100000,0x000000f7b6200000)]
  0x00000286565d3800 JavaThread "C2 CompilerThread0" daemon [_thread_in_native, id=15980, stack(0x000000f7b6200000,0x000000f7b6300000)]
  0x00000286565db000 JavaThread "C1 CompilerThread0" daemon [_thread_blocked, id=6320, stack(0x000000f7b6300000,0x000000f7b6400000)]
  0x0000028656fb0000 JavaThread "Sweeper thread" daemon [_thread_blocked, id=16940, stack(0x000000f7b6400000,0x000000f7b6500000)]
  0x0000028657079000 JavaThread "Notification Thread" daemon [_thread_blocked, id=3152, stack(0x000000f7b6500000,0x000000f7b6600000)]
  0x000002865707f800 JavaThread "Common-Cleaner" daemon [_thread_blocked, id=13664, stack(0x000000f7b6700000,0x000000f7b6800000)]
  0x00000286570ea800 JavaThread "Monitor Ctrl-Break" daemon [_thread_in_native, id=8620, stack(0x000000f7b6800000,0x000000f7b6900000)]
  0x0000028657142800 JavaThread "JavaFX-Launcher" [_thread_blocked, id=7876, stack(0x000000f7b6900000,0x000000f7b6a00000)]
  0x0000028657925000 JavaThread "QuantumRenderer-0" daemon [_thread_in_Java, id=14684, stack(0x000000f7b6a00000,0x000000f7b6b00000)]
  0x0000028657ad4000 JavaThread "InvokeLaterDispatcher" daemon [_thread_blocked, id=14348, stack(0x000000f7b6b00000,0x000000f7b6c00000)]
  0x0000028657ad5000 JavaThread "JavaFX Application Thread" [_thread_in_Java, id=11760, stack(0x000000f7b6c00000,0x000000f7b6d00000)]
  0x0000028657ba1800 JavaThread "Thread-2" daemon [_thread_in_native, id=14636, stack(0x000000f7b7300000,0x000000f7b7400000)]
=>0x000002866046c000 JavaThread "C2 CompilerThread1" daemon [_thread_in_native, id=12644, stack(0x000000f7b7800000,0x000000f7b7900000)]
  0x000002866048d000 JavaThread "Prism Font Disposer" daemon [_thread_blocked, id=8720, stack(0x000000f7b7900000,0x000000f7b7a00000)]

Other Threads:
  0x00000286565ab800 VMThread "VM Thread" [stack: 0x000000f7b5c00000,0x000000f7b5d00000] [id=5816]
  0x000002865707a000 WatcherThread [stack: 0x000000f7b6600000,0x000000f7b6700000] [id=2392]
  0x0000028635eee000 GCTaskThread "GC Thread#0" [stack: 0x000000f7b5700000,0x000000f7b5800000] [id=2400]
  0x0000028657b28000 GCTaskThread "GC Thread#1" [stack: 0x000000f7b6f00000,0x000000f7b7000000] [id=10716]
  0x0000028657b28800 GCTaskThread "GC Thread#2" [stack: 0x000000f7b7000000,0x000000f7b7100000] [id=6944]
  0x0000028657b29800 GCTaskThread "GC Thread#3" [stack: 0x000000f7b7100000,0x000000f7b7200000] [id=9956]
  0x0000028635eff800 ConcurrentGCThread "G1 Main Marker" [stack: 0x000000f7b5800000,0x000000f7b5900000] [id=11180]
  0x0000028635f04000 ConcurrentGCThread "G1 Conc#0" [stack: 0x000000f7b5900000,0x000000f7b5a00000] [id=6976]
  0x0000028656420800 ConcurrentGCThread "G1 Refine#0" [stack: 0x000000f7b5a00000,0x000000f7b5b00000] [id=7404]
  0x0000028656421800 ConcurrentGCThread "G1 Young RemSet Sampling" [stack: 0x000000f7b5b00000,0x000000f7b5c00000] [id=15488]

Threads with active compile tasks:
C2 CompilerThread0     2685 1023   !   4       com.sun.javafx.css.ParsedValueImpl::readBinary (688 bytes)
C2 CompilerThread1     2685 1119   !   4       java.net.URL::<init> (543 bytes)

VM state:not at safepoint (normal execution)

VM Mutex/Monitor currently owned by a thread: None

Heap address: 0x0000000081800000, size: 2024 MB, Compressed Oops mode: 32-bit
Narrow klass base: 0x0000000800000000, Narrow klass shift: 3
Compressed class space size: 1073741824 Address: 0x0000000800b30000

Heap:
 garbage-first heap   total 131072K, used 9007K [0x0000000081800000, 0x0000000100000000)
  region size 1024K, 8 young (8192K), 3 survivors (3072K)
 Metaspace       used 9967K, capacity 11900K, committed 12160K, reserved 1060864K
  class space    used 1357K, capacity 1642K, committed 1664K, reserved 1048576K
Heap Regions: E=young(eden), S=young(survivor), O=old, HS=humongous(starts), HC=humongous(continues), CS=collection set, F=free, OA=open archive, CA=closed archive, TAMS=top-at-mark-start (previous, next)
|   0|0x0000000081800000, 0x0000000081900000, 0x0000000081900000|100%| O|  |TAMS 0x0000000081800000, 0x0000000081800000| Untracked 
|   1|0x0000000081900000, 0x0000000081a00000, 0x0000000081a00000|100%| O|  |TAMS 0x0000000081900000, 0x0000000081900000| Untracked 
|   2|0x0000000081a00000, 0x0000000081a4e600, 0x0000000081b00000| 30%| O|  |TAMS 0x0000000081a00000, 0x0000000081a00000| Untracked 
|   3|0x0000000081b00000, 0x0000000081b00000, 0x0000000081c00000|  0%| F|  |TAMS 0x0000000081b00000, 0x0000000081b00000| Untracked 
|   4|0x0000000081c00000, 0x0000000081c00000, 0x0000000081d00000|  0%| F|  |TAMS 0x0000000081c00000, 0x0000000081c00000| Untracked 
|   5|0x0000000081d00000, 0x0000000081d00000, 0x0000000081e00000|  0%| F|  |TAMS 0x0000000081d00000, 0x0000000081d00000| Untracked 
|   6|0x0000000081e00000, 0x0000000081e00000, 0x0000000081f00000|  0%| F|  |TAMS 0x0000000081e00000, 0x0000000081e00000| Untracked 
|   7|0x0000000081f00000, 0x0000000081f00000, 0x0000000082000000|  0%| F|  |TAMS 0x0000000081f00000, 0x0000000081f00000| Untracked 
|   8|0x0000000082000000, 0x0000000082000000, 0x0000000082100000|  0%| F|  |TAMS 0x0000000082000000, 0x0000000082000000| Untracked 
|   9|0x0000000082100000, 0x0000000082100000, 0x0000000082200000|  0%| F|  |TAMS 0x0000000082100000, 0x0000000082100000| Untracked 
|  10|0x0000000082200000, 0x0000000082200000, 0x0000000082300000|  0%| F|  |TAMS 0x0000000082200000, 0x0000000082200000| Untracked 
|  11|0x0000000082300000, 0x0000000082300000, 0x0000000082400000|  0%| F|  |TAMS 0x0000000082300000, 0x0000000082300000| Untracked 
|  12|0x0000000082400000, 0x0000000082400000, 0x0000000082500000|  0%| F|  |TAMS 0x0000000082400000, 0x0000000082400000| Untracked 
|  13|0x0000000082500000, 0x0000000082500000, 0x0000000082600000|  0%| F|  |TAMS 0x0000000082500000, 0x0000000082500000| Untracked 
|  14|0x0000000082600000, 0x0000000082600000, 0x0000000082700000|  0%| F|  |TAMS 0x0000000082600000, 0x0000000082600000| Untracked 
|  15|0x0000000082700000, 0x0000000082700000, 0x0000000082800000|  0%| F|  |TAMS 0x0000000082700000, 0x0000000082700000| Untracked 
|  16|0x0000000082800000, 0x0000000082800000, 0x0000000082900000|  0%| F|  |TAMS 0x0000000082800000, 0x0000000082800000| Untracked 
|  17|0x0000000082900000, 0x0000000082900000, 0x0000000082a00000|  0%| F|  |TAMS 0x0000000082900000, 0x0000000082900000| Untracked 
|  18|0x0000000082a00000, 0x0000000082a00000, 0x0000000082b00000|  0%| F|  |TAMS 0x0000000082a00000, 0x0000000082a00000| Untracked 
|  19|0x0000000082b00000, 0x0000000082b00000, 0x0000000082c00000|  0%| F|  |TAMS 0x0000000082b00000, 0x0000000082b00000| Untracked 
|  20|0x0000000082c00000, 0x0000000082c00000, 0x0000000082d00000|  0%| F|  |TAMS 0x0000000082c00000, 0x0000000082c00000| Untracked 
|  21|0x0000000082d00000, 0x0000000082d00000, 0x0000000082e00000|  0%| F|  |TAMS 0x0000000082d00000, 0x0000000082d00000| Untracked 
|  22|0x0000000082e00000, 0x0000000082e00000, 0x0000000082f00000|  0%| F|  |TAMS 0x0000000082e00000, 0x0000000082e00000| Untracked 
|  23|0x0000000082f00000, 0x0000000082f00000, 0x0000000083000000|  0%| F|  |TAMS 0x0000000082f00000, 0x0000000082f00000| Untracked 
|  24|0x0000000083000000, 0x0000000083000000, 0x0000000083100000|  0%| F|  |TAMS 0x0000000083000000, 0x0000000083000000| Untracked 
|  25|0x0000000083100000, 0x0000000083100000, 0x0000000083200000|  0%| F|  |TAMS 0x0000000083100000, 0x0000000083100000| Untracked 
|  26|0x0000000083200000, 0x0000000083200000, 0x0000000083300000|  0%| F|  |TAMS 0x0000000083200000, 0x0000000083200000| Untracked 
|  27|0x0000000083300000, 0x0000000083300000, 0x0000000083400000|  0%| F|  |TAMS 0x0000000083300000, 0x0000000083300000| Untracked 
|  28|0x0000000083400000, 0x0000000083400000, 0x0000000083500000|  0%| F|  |TAMS 0x0000000083400000, 0x0000000083400000| Untracked 
|  29|0x0000000083500000, 0x0000000083500000, 0x0000000083600000|  0%| F|  |TAMS 0x0000000083500000, 0x0000000083500000| Untracked 
|  30|0x0000000083600000, 0x0000000083600000, 0x0000000083700000|  0%| F|  |TAMS 0x0000000083600000, 0x0000000083600000| Untracked 
|  31|0x0000000083700000, 0x0000000083700000, 0x0000000083800000|  0%| F|  |TAMS 0x0000000083700000, 0x0000000083700000| Untracked 
|  32|0x0000000083800000, 0x0000000083800000, 0x0000000083900000|  0%| F|  |TAMS 0x0000000083800000, 0x0000000083800000| Untracked 
|  33|0x0000000083900000, 0x0000000083900000, 0x0000000083a00000|  0%| F|  |TAMS 0x0000000083900000, 0x0000000083900000| Untracked 
|  34|0x0000000083a00000, 0x0000000083a00000, 0x0000000083b00000|  0%| F|  |TAMS 0x0000000083a00000, 0x0000000083a00000| Untracked 
|  35|0x0000000083b00000, 0x0000000083b00000, 0x0000000083c00000|  0%| F|  |TAMS 0x0000000083b00000, 0x0000000083b00000| Untracked 
|  36|0x0000000083c00000, 0x0000000083c00000, 0x0000000083d00000|  0%| F|  |TAMS 0x0000000083c00000, 0x0000000083c00000| Untracked 
|  37|0x0000000083d00000, 0x0000000083d00000, 0x0000000083e00000|  0%| F|  |TAMS 0x0000000083d00000, 0x0000000083d00000| Untracked 
|  38|0x0000000083e00000, 0x0000000083e00000, 0x0000000083f00000|  0%| F|  |TAMS 0x0000000083e00000, 0x0000000083e00000| Untracked 
|  39|0x0000000083f00000, 0x0000000083f00000, 0x0000000084000000|  0%| F|  |TAMS 0x0000000083f00000, 0x0000000083f00000| Untracked 
|  40|0x0000000084000000, 0x0000000084000000, 0x0000000084100000|  0%| F|  |TAMS 0x0000000084000000, 0x0000000084000000| Untracked 
|  41|0x0000000084100000, 0x0000000084100000, 0x0000000084200000|  0%| F|  |TAMS 0x0000000084100000, 0x0000000084100000| Untracked 
|  42|0x0000000084200000, 0x0000000084200000, 0x0000000084300000|  0%| F|  |TAMS 0x0000000084200000, 0x0000000084200000| Untracked 
|  43|0x0000000084300000, 0x0000000084300000, 0x0000000084400000|  0%| F|  |TAMS 0x0000000084300000, 0x0000000084300000| Untracked 
|  44|0x0000000084400000, 0x0000000084400000, 0x0000000084500000|  0%| F|  |TAMS 0x0000000084400000, 0x0000000084400000| Untracked 
|  45|0x0000000084500000, 0x0000000084500000, 0x0000000084600000|  0%| F|  |TAMS 0x0000000084500000, 0x0000000084500000| Untracked 
|  46|0x0000000084600000, 0x0000000084600000, 0x0000000084700000|  0%| F|  |TAMS 0x0000000084600000, 0x0000000084600000| Untracked 
|  47|0x0000000084700000, 0x0000000084700000, 0x0000000084800000|  0%| F|  |TAMS 0x0000000084700000, 0x0000000084700000| Untracked 
|  48|0x0000000084800000, 0x0000000084800000, 0x0000000084900000|  0%| F|  |TAMS 0x0000000084800000, 0x0000000084800000| Untracked 
|  49|0x0000000084900000, 0x0000000084900000, 0x0000000084a00000|  0%| F|  |TAMS 0x0000000084900000, 0x0000000084900000| Untracked 
|  50|0x0000000084a00000, 0x0000000084a00000, 0x0000000084b00000|  0%| F|  |TAMS 0x0000000084a00000, 0x0000000084a00000| Untracked 
|  51|0x0000000084b00000, 0x0000000084b00000, 0x0000000084c00000|  0%| F|  |TAMS 0x0000000084b00000, 0x0000000084b00000| Untracked 
|  52|0x0000000084c00000, 0x0000000084c00000, 0x0000000084d00000|  0%| F|  |TAMS 0x0000000084c00000, 0x0000000084c00000| Untracked 
|  53|0x0000000084d00000, 0x0000000084d00000, 0x0000000084e00000|  0%| F|  |TAMS 0x0000000084d00000, 0x0000000084d00000| Untracked 
|  54|0x0000000084e00000, 0x0000000084e00000, 0x0000000084f00000|  0%| F|  |TAMS 0x0000000084e00000, 0x0000000084e00000| Untracked 
|  55|0x0000000084f00000, 0x0000000084f00000, 0x0000000085000000|  0%| F|  |TAMS 0x0000000084f00000, 0x0000000084f00000| Untracked 
|  56|0x0000000085000000, 0x0000000085000000, 0x0000000085100000|  0%| F|  |TAMS 0x0000000085000000, 0x0000000085000000| Untracked 
|  57|0x0000000085100000, 0x0000000085100000, 0x0000000085200000|  0%| F|  |TAMS 0x0000000085100000, 0x0000000085100000| Untracked 
|  58|0x0000000085200000, 0x0000000085200000, 0x0000000085300000|  0%| F|  |TAMS 0x0000000085200000, 0x0000000085200000| Untracked 
|  59|0x0000000085300000, 0x0000000085300000, 0x0000000085400000|  0%| F|  |TAMS 0x0000000085300000, 0x0000000085300000| Untracked 
|  60|0x0000000085400000, 0x0000000085400000, 0x0000000085500000|  0%| F|  |TAMS 0x0000000085400000, 0x0000000085400000| Untracked 
|  61|0x0000000085500000, 0x0000000085500000, 0x0000000085600000|  0%| F|  |TAMS 0x0000000085500000, 0x0000000085500000| Untracked 
|  62|0x0000000085600000, 0x0000000085600000, 0x0000000085700000|  0%| F|  |TAMS 0x0000000085600000, 0x0000000085600000| Untracked 
|  63|0x0000000085700000, 0x0000000085700000, 0x0000000085800000|  0%| F|  |TAMS 0x0000000085700000, 0x0000000085700000| Untracked 
|  64|0x0000000085800000, 0x0000000085800000, 0x0000000085900000|  0%| F|  |TAMS 0x0000000085800000, 0x0000000085800000| Untracked 
|  65|0x0000000085900000, 0x0000000085900000, 0x0000000085a00000|  0%| F|  |TAMS 0x0000000085900000, 0x0000000085900000| Untracked 
|  66|0x0000000085a00000, 0x0000000085a00000, 0x0000000085b00000|  0%| F|  |TAMS 0x0000000085a00000, 0x0000000085a00000| Untracked 
|  67|0x0000000085b00000, 0x0000000085b00000, 0x0000000085c00000|  0%| F|  |TAMS 0x0000000085b00000, 0x0000000085b00000| Untracked 
|  68|0x0000000085c00000, 0x0000000085c00000, 0x0000000085d00000|  0%| F|  |TAMS 0x0000000085c00000, 0x0000000085c00000| Untracked 
|  69|0x0000000085d00000, 0x0000000085d00000, 0x0000000085e00000|  0%| F|  |TAMS 0x0000000085d00000, 0x0000000085d00000| Untracked 
|  70|0x0000000085e00000, 0x0000000085e00000, 0x0000000085f00000|  0%| F|  |TAMS 0x0000000085e00000, 0x0000000085e00000| Untracked 
|  71|0x0000000085f00000, 0x0000000085f00000, 0x0000000086000000|  0%| F|  |TAMS 0x0000000085f00000, 0x0000000085f00000| Untracked 
|  72|0x0000000086000000, 0x0000000086000000, 0x0000000086100000|  0%| F|  |TAMS 0x0000000086000000, 0x0000000086000000| Untracked 
|  73|0x0000000086100000, 0x0000000086100000, 0x0000000086200000|  0%| F|  |TAMS 0x0000000086100000, 0x0000000086100000| Untracked 
|  74|0x0000000086200000, 0x0000000086200000, 0x0000000086300000|  0%| F|  |TAMS 0x0000000086200000, 0x0000000086200000| Untracked 
|  75|0x0000000086300000, 0x0000000086300000, 0x0000000086400000|  0%| F|  |TAMS 0x0000000086300000, 0x0000000086300000| Untracked 
|  76|0x0000000086400000, 0x0000000086400000, 0x0000000086500000|  0%| F|  |TAMS 0x0000000086400000, 0x0000000086400000| Untracked 
|  77|0x0000000086500000, 0x0000000086500000, 0x0000000086600000|  0%| F|  |TAMS 0x0000000086500000, 0x0000000086500000| Untracked 
|  78|0x0000000086600000, 0x0000000086600000, 0x0000000086700000|  0%| F|  |TAMS 0x0000000086600000, 0x0000000086600000| Untracked 
|  79|0x0000000086700000, 0x0000000086700000, 0x0000000086800000|  0%| F|  |TAMS 0x0000000086700000, 0x0000000086700000| Untracked 
|  80|0x0000000086800000, 0x0000000086800000, 0x0000000086900000|  0%| F|  |TAMS 0x0000000086800000, 0x0000000086800000| Untracked 
|  81|0x0000000086900000, 0x0000000086900000, 0x0000000086a00000|  0%| F|  |TAMS 0x0000000086900000, 0x0000000086900000| Untracked 
|  82|0x0000000086a00000, 0x0000000086a00000, 0x0000000086b00000|  0%| F|  |TAMS 0x0000000086a00000, 0x0000000086a00000| Untracked 
|  83|0x0000000086b00000, 0x0000000086b00000, 0x0000000086c00000|  0%| F|  |TAMS 0x0000000086b00000, 0x0000000086b00000| Untracked 
|  84|0x0000000086c00000, 0x0000000086c00000, 0x0000000086d00000|  0%| F|  |TAMS 0x0000000086c00000, 0x0000000086c00000| Untracked 
|  85|0x0000000086d00000, 0x0000000086d00000, 0x0000000086e00000|  0%| F|  |TAMS 0x0000000086d00000, 0x0000000086d00000| Untracked 
|  86|0x0000000086e00000, 0x0000000086e00000, 0x0000000086f00000|  0%| F|  |TAMS 0x0000000086e00000, 0x0000000086e00000| Untracked 
|  87|0x0000000086f00000, 0x0000000086f00000, 0x0000000087000000|  0%| F|  |TAMS 0x0000000086f00000, 0x0000000086f00000| Untracked 
|  88|0x0000000087000000, 0x0000000087000000, 0x0000000087100000|  0%| F|  |TAMS 0x0000000087000000, 0x0000000087000000| Untracked 
|  89|0x0000000087100000, 0x0000000087100000, 0x0000000087200000|  0%| F|  |TAMS 0x0000000087100000, 0x0000000087100000| Untracked 
|  90|0x0000000087200000, 0x0000000087200000, 0x0000000087300000|  0%| F|  |TAMS 0x0000000087200000, 0x0000000087200000| Untracked 
|  91|0x0000000087300000, 0x0000000087300000, 0x0000000087400000|  0%| F|  |TAMS 0x0000000087300000, 0x0000000087300000| Untracked 
|  92|0x0000000087400000, 0x0000000087400000, 0x0000000087500000|  0%| F|  |TAMS 0x0000000087400000, 0x0000000087400000| Untracked 
|  93|0x0000000087500000, 0x0000000087500000, 0x0000000087600000|  0%| F|  |TAMS 0x0000000087500000, 0x0000000087500000| Untracked 
|  94|0x0000000087600000, 0x0000000087600000, 0x0000000087700000|  0%| F|  |TAMS 0x0000000087600000, 0x0000000087600000| Untracked 
|  95|0x0000000087700000, 0x0000000087700000, 0x0000000087800000|  0%| F|  |TAMS 0x0000000087700000, 0x0000000087700000| Untracked 
|  96|0x0000000087800000, 0x0000000087800000, 0x0000000087900000|  0%| F|  |TAMS 0x0000000087800000, 0x0000000087800000| Untracked 
|  97|0x0000000087900000, 0x0000000087900000, 0x0000000087a00000|  0%| F|  |TAMS 0x0000000087900000, 0x0000000087900000| Untracked 
|  98|0x0000000087a00000, 0x0000000087a00000, 0x0000000087b00000|  0%| F|  |TAMS 0x0000000087a00000, 0x0000000087a00000| Untracked 
|  99|0x0000000087b00000, 0x0000000087b00000, 0x0000000087c00000|  0%| F|  |TAMS 0x0000000087b00000, 0x0000000087b00000| Untracked 
| 100|0x0000000087c00000, 0x0000000087c00000, 0x0000000087d00000|  0%| F|  |TAMS 0x0000000087c00000, 0x0000000087c00000| Untracked 
| 101|0x0000000087d00000, 0x0000000087d00000, 0x0000000087e00000|  0%| F|  |TAMS 0x0000000087d00000, 0x0000000087d00000| Untracked 
| 102|0x0000000087e00000, 0x0000000087e00000, 0x0000000087f00000|  0%| F|  |TAMS 0x0000000087e00000, 0x0000000087e00000| Untracked 
| 103|0x0000000087f00000, 0x0000000087f00000, 0x0000000088000000|  0%| F|  |TAMS 0x0000000087f00000, 0x0000000087f00000| Untracked 
| 104|0x0000000088000000, 0x0000000088000000, 0x0000000088100000|  0%| F|  |TAMS 0x0000000088000000, 0x0000000088000000| Untracked 
| 105|0x0000000088100000, 0x0000000088100000, 0x0000000088200000|  0%| F|  |TAMS 0x0000000088100000, 0x0000000088100000| Untracked 
| 106|0x0000000088200000, 0x0000000088200000, 0x0000000088300000|  0%| F|  |TAMS 0x0000000088200000, 0x0000000088200000| Untracked 
| 107|0x0000000088300000, 0x000000008837d940, 0x0000000088400000| 49%| S|CS|TAMS 0x0000000088300000, 0x0000000088300000| Complete 
| 108|0x0000000088400000, 0x0000000088500000, 0x0000000088500000|100%| S|CS|TAMS 0x0000000088400000, 0x0000000088400000| Complete 
| 109|0x0000000088500000, 0x0000000088600000, 0x0000000088600000|100%| S|CS|TAMS 0x0000000088500000, 0x0000000088500000| Complete 
| 110|0x0000000088600000, 0x0000000088600000, 0x0000000088700000|  0%| F|  |TAMS 0x0000000088600000, 0x0000000088600000| Untracked 
| 111|0x0000000088700000, 0x0000000088700000, 0x0000000088800000|  0%| F|  |TAMS 0x0000000088700000, 0x0000000088700000| Untracked 
| 112|0x0000000088800000, 0x0000000088800000, 0x0000000088900000|  0%| F|  |TAMS 0x0000000088800000, 0x0000000088800000| Untracked 
| 113|0x0000000088900000, 0x0000000088900000, 0x0000000088a00000|  0%| F|  |TAMS 0x0000000088900000, 0x0000000088900000| Untracked 
| 114|0x0000000088a00000, 0x0000000088a00000, 0x0000000088b00000|  0%| F|  |TAMS 0x0000000088a00000, 0x0000000088a00000| Untracked 
| 115|0x0000000088b00000, 0x0000000088b00000, 0x0000000088c00000|  0%| F|  |TAMS 0x0000000088b00000, 0x0000000088b00000| Untracked 
| 116|0x0000000088c00000, 0x0000000088c00000, 0x0000000088d00000|  0%| F|  |TAMS 0x0000000088c00000, 0x0000000088c00000| Untracked 
| 117|0x0000000088d00000, 0x0000000088d00000, 0x0000000088e00000|  0%| F|  |TAMS 0x0000000088d00000, 0x0000000088d00000| Untracked 
| 118|0x0000000088e00000, 0x0000000088e00000, 0x0000000088f00000|  0%| F|  |TAMS 0x0000000088e00000, 0x0000000088e00000| Untracked 
| 119|0x0000000088f00000, 0x0000000088f00000, 0x0000000089000000|  0%| F|  |TAMS 0x0000000088f00000, 0x0000000088f00000| Untracked 
| 120|0x0000000089000000, 0x0000000089000000, 0x0000000089100000|  0%| F|  |TAMS 0x0000000089000000, 0x0000000089000000| Untracked 
| 121|0x0000000089100000, 0x0000000089100000, 0x0000000089200000|  0%| F|  |TAMS 0x0000000089100000, 0x0000000089100000| Untracked 
| 122|0x0000000089200000, 0x0000000089200000, 0x0000000089300000|  0%| F|  |TAMS 0x0000000089200000, 0x0000000089200000| Untracked 
| 123|0x0000000089300000, 0x00000000893687f0, 0x0000000089400000| 40%| E|  |TAMS 0x0000000089300000, 0x0000000089300000| Complete 
| 124|0x0000000089400000, 0x0000000089500000, 0x0000000089500000|100%| E|CS|TAMS 0x0000000089400000, 0x0000000089400000| Complete 
| 125|0x0000000089500000, 0x0000000089600000, 0x0000000089600000|100%| E|CS|TAMS 0x0000000089500000, 0x0000000089500000| Complete 
| 126|0x0000000089600000, 0x0000000089700000, 0x0000000089700000|100%| E|CS|TAMS 0x0000000089600000, 0x0000000089600000| Complete 
| 127|0x0000000089700000, 0x0000000089800000, 0x0000000089800000|100%| E|CS|TAMS 0x0000000089700000, 0x0000000089700000| Complete 

Card table byte_map: [0x000002864f840000,0x000002864fc40000] _byte_map_base: 0x000002864f434000

Marking Bits (Prev, Next): (CMBitMap*) 0x0000028635eeef68, (CMBitMap*) 0x0000028635eeefa8
 Prev Bits: [0x0000028650040000, 0x0000028651fe0000)
 Next Bits: [0x0000028651fe0000, 0x0000028653f80000)

Polling page: 0x0000028635f80000

Metaspace:

Usage:
  Non-class:     10.08 MB capacity,     8.44 MB ( 84%) used,     1.61 MB ( 16%) free+waste,    33.31 KB ( <1%) overhead. 
      Class:      1.60 MB capacity,     1.33 MB ( 83%) used,   259.63 KB ( 16%) free+waste,    18.31 KB (  1%) overhead. 
       Both:     11.68 MB capacity,     9.77 MB ( 84%) used,     1.87 MB ( 16%) free+waste,    51.63 KB ( <1%) overhead. 

Virtual space:
  Non-class space:       12.00 MB reserved,      10.25 MB ( 85%) committed 
      Class space:        1.00 GB reserved,       1.63 MB ( <1%) committed 
             Both:        1.01 GB reserved,      11.88 MB (  1%) committed 

Chunk freelists:
   Non-Class:  46.00 KB
       Class:  0 bytes
        Both:  46.00 KB

MaxMetaspaceSize: 17179869184.00 GB
CompressedClassSpaceSize: 1.00 GB

CodeHeap 'non-profiled nmethods': size=120000Kb used=373Kb max_used=373Kb free=119627Kb
 bounds [0x00000286478e0000, 0x0000028647b50000, 0x000002864ee10000]
CodeHeap 'profiled nmethods': size=120000Kb used=2462Kb max_used=2462Kb free=117537Kb
 bounds [0x00000286403b0000, 0x0000028640620000, 0x00000286478e0000]
CodeHeap 'non-nmethods': size=5760Kb used=1424Kb max_used=1424Kb free=4335Kb
 bounds [0x000002863fe10000, 0x0000028640080000, 0x00000286403b0000]
 total_blobs=2359 nmethods=1197 adapters=567
 compilation: enabled
              stopped_count=0, restarted_count=0
 full_count=0

Compilation events (20 events):
Event: 2.623 Thread 0x00000286565db000 1172       3       java.nio.HeapByteBuffer::ix (7 bytes)
Event: 2.623 Thread 0x00000286565db000 nmethod 1172 0x000002864060e690 code [0x000002864060e820, 0x000002864060e938]
Event: 2.623 Thread 0x00000286565db000 1173       3       java.nio.HeapByteBuffer::get (18 bytes)
Event: 2.624 Thread 0x00000286565db000 nmethod 1173 0x000002864060ea10 code [0x000002864060ebe0, 0x000002864060ef98]
Event: 2.629 Thread 0x00000286565db000 1174       3       java.lang.invoke.LambdaForm$MH/0x0000000800b93440::invoke (40 bytes)
Event: 2.629 Thread 0x00000286565db000 nmethod 1174 0x000002864060f190 code [0x000002864060f360, 0x000002864060f878]
Event: 2.629 Thread 0x00000286565db000 1175       3       java.lang.invoke.DirectMethodHandle$Holder::invokeStatic (23 bytes)
Event: 2.629 Thread 0x00000286565db000 nmethod 1175 0x000002864060f990 code [0x000002864060fb60, 0x0000028640610058]
Event: 2.633 Thread 0x00000286565db000 1176       3       com.sun.javafx.font.FontFileReader$Buffer::getChar (52 bytes)
Event: 2.633 Thread 0x00000286565db000 nmethod 1176 0x0000028640610190 code [0x0000028640610320, 0x00000286406104b8]
Event: 2.633 Thread 0x00000286565db000 1178       3       com.sun.javafx.font.FontFileReader$Buffer::getChar (45 bytes)
Event: 2.634 Thread 0x00000286565db000 nmethod 1178 0x0000028640610590 code [0x0000028640610720, 0x00000286406108b8]
Event: 2.636 Thread 0x00000286565db000 1180       2       jdk.internal.reflect.ClassFileAssembler::emitShort (24 bytes)
Event: 2.637 Thread 0x00000286565db000 nmethod 1180 0x0000028640610990 code [0x0000028640610b40, 0x0000028640610d58]
Event: 2.637 Thread 0x00000286565db000 1182       2       jdk.internal.reflect.ByteVectorImpl::getLength (7 bytes)
Event: 2.637 Thread 0x00000286565db000 nmethod 1182 0x0000028640610e90 code [0x0000028640611020, 0x0000028640611138]
Event: 2.637 Thread 0x00000286565db000 1181       2       jdk.internal.reflect.ClassFileAssembler::cpi (22 bytes)
Event: 2.637 Thread 0x00000286565db000 nmethod 1181 0x0000028640611210 code [0x00000286406113c0, 0x00000286406115a8]
Event: 2.637 Thread 0x00000286565db000 1183       2       javafx.scene.Node::getScene (11 bytes)
Event: 2.637 Thread 0x00000286565db000 nmethod 1183 0x0000028640611690 code [0x0000028640611840, 0x00000286406119e8]

GC Heap History (4 events):
Event: 1.616 GC heap before
{Heap before GC invocations=0 (full 0):
 garbage-first heap   total 131072K, used 12288K [0x0000000081800000, 0x0000000100000000)
  region size 1024K, 13 young (13312K), 0 survivors (0K)
 Metaspace       used 4072K, capacity 6476K, committed 6656K, reserved 1056768K
  class space    used 394K, capacity 651K, committed 768K, reserved 1048576K
}
Event: 1.634 GC heap after
{Heap after GC invocations=1 (full 0):
 garbage-first heap   total 131072K, used 2406K [0x0000000081800000, 0x0000000100000000)
  region size 1024K, 2 young (2048K), 2 survivors (2048K)
 Metaspace       used 4072K, capacity 6476K, committed 6656K, reserved 1056768K
  class space    used 394K, capacity 651K, committed 768K, reserved 1048576K
}
Event: 2.432 GC heap before
{Heap before GC invocations=1 (full 0):
 garbage-first heap   total 131072K, used 18790K [0x0000000081800000, 0x0000000100000000)
  region size 1024K, 18 young (18432K), 2 survivors (2048K)
 Metaspace       used 8480K, capacity 10597K, committed 10624K, reserved 1058816K
  class space    used 1125K, capacity 1392K, committed 1408K, reserved 1048576K
}
Event: 2.437 GC heap after
{Heap after GC invocations=2 (full 0):
 garbage-first heap   total 131072K, used 4911K [0x0000000081800000, 0x0000000100000000)
  region size 1024K, 3 young (3072K), 3 survivors (3072K)
 Metaspace       used 8480K, capacity 10597K, committed 10624K, reserved 1058816K
  class space    used 1125K, capacity 1392K, committed 1408K, reserved 1048576K
}

Deoptimization events (20 events):
Event: 2.489 Thread 0x0000028657ad5000 Uncommon trap: trap_request=0xffffffde fr.pc=0x000002864790b8e0 relative=0x00000000000001c0
Event: 2.489 Thread 0x0000028657ad5000 Uncommon trap: reason=class_check action=maybe_recompile pc=0x000002864790b8e0 method=java.lang.String.equals(Ljava/lang/Object;)Z @ 8 c2
Event: 2.489 Thread 0x0000028657ad5000 DEOPT PACKING pc=0x000002864790b8e0 sp=0x000000f7b6cfd9c0
Event: 2.489 Thread 0x0000028657ad5000 DEOPT UNPACKING pc=0x000002863fe5912f sp=0x000000f7b6cfd968 mode 2
Event: 2.489 Thread 0x0000028657ad5000 Uncommon trap: trap_request=0xffffffde fr.pc=0x000002864790b8e0 relative=0x00000000000001c0
Event: 2.489 Thread 0x0000028657ad5000 Uncommon trap: reason=class_check action=maybe_recompile pc=0x000002864790b8e0 method=java.lang.String.equals(Ljava/lang/Object;)Z @ 8 c2
Event: 2.489 Thread 0x0000028657ad5000 DEOPT PACKING pc=0x000002864790b8e0 sp=0x000000f7b6cfd9c0
Event: 2.489 Thread 0x0000028657ad5000 DEOPT UNPACKING pc=0x000002863fe5912f sp=0x000000f7b6cfd968 mode 2
Event: 2.491 Thread 0x0000028657ad5000 Uncommon trap: trap_request=0xffffffde fr.pc=0x000002864790b8e0 relative=0x00000000000001c0
Event: 2.491 Thread 0x0000028657ad5000 Uncommon trap: reason=class_check action=maybe_recompile pc=0x000002864790b8e0 method=java.lang.String.equals(Ljava/lang/Object;)Z @ 8 c2
Event: 2.491 Thread 0x0000028657ad5000 DEOPT PACKING pc=0x000002864790b8e0 sp=0x000000f7b6cfd7c0
Event: 2.491 Thread 0x0000028657ad5000 DEOPT UNPACKING pc=0x000002863fe5912f sp=0x000000f7b6cfd768 mode 2
Event: 2.619 Thread 0x0000028657ad5000 Uncommon trap: trap_request=0xffffff45 fr.pc=0x000002864790ffb4 relative=0x00000000000000f4
Event: 2.619 Thread 0x0000028657ad5000 Uncommon trap: reason=unstable_if action=reinterpret pc=0x000002864790ffb4 method=java.nio.Buffer.limit(I)Ljava/nio/Buffer; @ 45 c2
Event: 2.619 Thread 0x0000028657ad5000 DEOPT PACKING pc=0x000002864790ffb4 sp=0x000000f7b6cfc150
Event: 2.619 Thread 0x0000028657ad5000 DEOPT UNPACKING pc=0x000002863fe5912f sp=0x000000f7b6cfc0d8 mode 2
Event: 2.620 Thread 0x0000028657ad5000 Uncommon trap: trap_request=0xffffff45 fr.pc=0x000002864792ee24 relative=0x0000000000000264
Event: 2.620 Thread 0x0000028657ad5000 Uncommon trap: reason=unstable_if action=reinterpret pc=0x000002864792ee24 method=java.io.ByteArrayInputStream.read()I @ 8 c2
Event: 2.620 Thread 0x0000028657ad5000 DEOPT PACKING pc=0x000002864792ee24 sp=0x000000f7b6cfc740
Event: 2.620 Thread 0x0000028657ad5000 DEOPT UNPACKING pc=0x000002863fe5912f sp=0x000000f7b6cfc6f8 mode 2

Classes unloaded (0 events):
No events

Classes redefined (0 events):
No events

Internal exceptions (14 events):
Event: 1.420 Thread 0x0000028657142800 Exception <a 'java/lang/NoSuchMethodError'{0x0000000088d66cf0}: 'int java.lang.invoke.DirectMethodHandle$Holder.invokeStaticInit(java.lang.Object, java.lang.Object, java.lang.Object)'> (0x0000000088d66cf0) 
thrown [./open/src/hotspot/share/interpreter/linkResolver.cpp, line 766]
Event: 1.423 Thread 0x0000028657142800 Exception <a 'java/lang/NoSuchMethodError'{0x0000000088d71cf8}: 'void java.lang.invoke.DirectMethodHandle$Holder.invokeSpecial(java.lang.Object, java.lang.Object)'> (0x0000000088d71cf8) 
thrown [./open/src/hotspot/share/interpreter/linkResolver.cpp, line 766]
Event: 1.474 Thread 0x0000028657142800 Exception <a 'java/lang/NoSuchMethodError'{0x0000000088c9d818}: 'java.lang.Object java.lang.invoke.DirectMethodHandle$Holder.invokeStatic(java.lang.Object, java.lang.Object, int, java.lang.Object)'> (0x0000000088c9d818) 
thrown [./open/src/hotspot/share/interpreter/linkResolver.cpp, line 766]
Event: 1.476 Thread 0x0000028657142800 Exception <a 'java/lang/NoSuchMethodError'{0x0000000088ca3808}: 'java.lang.Object java.lang.invoke.Invokers$Holder.linkToTargetMethod(java.lang.Object, int, java.lang.Object, java.lang.Object)'> (0x0000000088ca3808) 
thrown [./open/src/hotspot/share/interpreter/linkResolver.cpp, line 766]
Event: 1.662 Thread 0x0000028657ad5000 Exception <a 'java/lang/NoSuchMethodError'{0x0000000089677cb8}: 'void java.lang.invoke.DirectMethodHandle$Holder.invokeStaticInit(java.lang.Object)'> (0x0000000089677cb8) 
thrown [./open/src/hotspot/share/interpreter/linkResolver.cpp, line 766]
Event: 1.666 Thread 0x0000028657142800 Exception <a 'java/lang/NoSuchMethodError'{0x00000000896d0cf8}: 'void java.lang.invoke.DirectMethodHandle$Holder.invokeStatic(java.lang.Object, java.lang.Object, java.lang.Object, java.lang.Object)'> (0x00000000896d0cf8) 
thrown [./open/src/hotspot/share/interpreter/linkResolver.cpp, line 766]
Event: 1.789 Thread 0x0000028657ad5000 Exception <a 'java/lang/NoSuchMethodError'{0x000000008921a180}: 'java.lang.Object java.lang.invoke.DirectMethodHandle$Holder.invokeStaticInit(java.lang.Object, java.lang.Object, java.lang.Object, java.lang.Object)'> (0x000000008921a180) 
thrown [./open/src/hotspot/share/interpreter/linkResolver.cpp, line 766]
Event: 1.795 Thread 0x0000028657ad5000 Exception <a 'java/lang/NullPointerException'{0x0000000089223d20}> (0x0000000089223d20) 
thrown [./open/src/hotspot/share/interpreter/linkResolver.cpp, line 1348]
Event: 1.839 Thread 0x0000028657ad5000 Exception <a 'java/lang/NoSuchMethodError'{0x00000000891127a8}: 'void java.lang.invoke.DirectMethodHandle$Holder.invokeSpecial(java.lang.Object, java.lang.Object, java.lang.Object, java.lang.Object, java.lang.Object)'> (0x00000000891127a8) 
thrown [./open/src/hotspot/share/interpreter/linkResolver.cpp, line 766]
Event: 2.062 Thread 0x0000028657ad5000 Exception <a 'java/lang/NoSuchMethodError'{0x0000000088d7e6b0}: 'void java.lang.invoke.DirectMethodHandle$Holder.invokeStaticInit(java.lang.Object, java.lang.Object)'> (0x0000000088d7e6b0) 
thrown [./open/src/hotspot/share/interpreter/linkResolver.cpp, line 766]
Event: 2.200 Thread 0x0000028657ad5000 Implicit null exception at 0x000002864792f785 to 0x000002864792f950
Event: 2.533 Thread 0x0000028657ad5000 Exception <a 'java/lang/NoSuchMethodError'{0x00000000896c5e88}: 'java.lang.Object java.lang.invoke.Invokers$Holder.linkToTargetMethod(java.lang.Object, int, java.lang.Object)'> (0x00000000896c5e88) 
thrown [./open/src/hotspot/share/interpreter/linkResolver.cpp, line 766]
Event: 2.565 Thread 0x0000028657ad5000 Exception <a 'java/lang/NoSuchMethodError'{0x0000000089542788}: 'java.lang.Object java.lang.invoke.DirectMethodHandle$Holder.invokeInterface(java.lang.Object, java.lang.Object, java.lang.Object)'> (0x0000000089542788) 
thrown [./open/src/hotspot/share/interpreter/linkResolver.cpp, line 766]
Event: 2.565 Thread 0x0000028657ad5000 Exception <a 'java/lang/IncompatibleClassChangeError'{0x0000000089545618}: Found class java.lang.Object, but interface was expected> (0x0000000089545618) 
thrown [./open/src/hotspot/share/interpreter/linkResolver.cpp, line 832]

Events (20 events):
Event: 2.619 loading class sun/text/normalizer/ICUBinary$1
Event: 2.619 loading class sun/text/normalizer/ICUBinary$1 done
Event: 2.620 loading class sun/text/normalizer/UBiDiProps$IsAcceptable
Event: 2.620 loading class sun/text/normalizer/ICUBinary$Authenticate
Event: 2.620 loading class sun/text/normalizer/ICUBinary$Authenticate done
Event: 2.620 loading class sun/text/normalizer/UBiDiProps$IsAcceptable done
Event: 2.620 loading class sun/text/normalizer/Trie2_16
Event: 2.621 loading class sun/text/normalizer/Trie2
Event: 2.621 loading class sun/text/normalizer/Trie2 done
Event: 2.621 loading class sun/text/normalizer/Trie2_16 done
Event: 2.621 loading class sun/text/normalizer/Trie2$1
Event: 2.621 loading class sun/text/normalizer/Trie2$ValueMapper
Event: 2.621 loading class sun/text/normalizer/Trie2$ValueMapper done
Event: 2.621 loading class sun/text/normalizer/Trie2$1 done
Event: 2.621 loading class sun/text/normalizer/Trie2$UTrie2Header
Event: 2.621 loading class sun/text/normalizer/Trie2$UTrie2Header done
Event: 2.624 loading class sun/text/normalizer/UTF16
Event: 2.624 loading class sun/text/normalizer/UTF16 done
Event: 2.625 loading class sun/text/bidi/BidiLine
Event: 2.625 loading class sun/text/bidi/BidiLine done


Dynamic libraries:
0x00007ff724ae0000 - 0x00007ff724aed000 	C:\Program Files\Java\openjdk-14.0.1_windows-x64_bin\jdk-14.0.1\bin\java.exe
0x00007fff39940000 - 0x00007fff39b30000 	C:\WINDOWS\SYSTEM32\ntdll.dll
0x00007fff38780000 - 0x00007fff38832000 	C:\WINDOWS\System32\KERNEL32.DLL
0x00007fff36d60000 - 0x00007fff37004000 	C:\WINDOWS\System32\KERNELBASE.dll
0x00007fff36c60000 - 0x00007fff36d5a000 	C:\WINDOWS\System32\ucrtbase.dll
0x00007fff2feb0000 - 0x00007fff2fec8000 	C:\Program Files\Java\openjdk-14.0.1_windows-x64_bin\jdk-14.0.1\bin\jli.dll
0x00007fff38480000 - 0x00007fff38614000 	C:\WINDOWS\System32\USER32.dll
0x00007fff368d0000 - 0x00007fff368f1000 	C:\WINDOWS\System32\win32u.dll
0x00007fff398b0000 - 0x00007fff398d6000 	C:\WINDOWS\System32\GDI32.dll
0x00007fff36900000 - 0x00007fff36a95000 	C:\WINDOWS\System32\gdi32full.dll
0x00007fff37950000 - 0x00007fff379ee000 	C:\WINDOWS\System32\msvcp_win.dll
0x00007fff25df0000 - 0x00007fff25e05000 	C:\Program Files\Java\openjdk-14.0.1_windows-x64_bin\jdk-14.0.1\bin\VCRUNTIME140.dll
0x00007fff1ef70000 - 0x00007fff1f1f4000 	C:\WINDOWS\WinSxS\amd64_microsoft.windows.common-controls_6595b64144ccf1df_6.0.18362.900_none_e6beb9d913147d17\COMCTL32.dll
0x00007fff383e0000 - 0x00007fff3847e000 	C:\WINDOWS\System32\msvcrt.dll
0x00007fff38090000 - 0x00007fff383c5000 	C:\WINDOWS\System32\combase.dll
0x00007fff379f0000 - 0x00007fff37b10000 	C:\WINDOWS\System32\RPCRT4.dll
0x00007fff36aa0000 - 0x00007fff36b20000 	C:\WINDOWS\System32\bcryptPrimitives.dll
0x00007fff38d20000 - 0x00007fff38d4e000 	C:\WINDOWS\System32\IMM32.DLL
0x00007fff14260000 - 0x00007fff142fb000 	C:\Program Files\Java\openjdk-14.0.1_windows-x64_bin\jdk-14.0.1\bin\msvcp140.dll
0x00007ffefd2e0000 - 0x00007ffefddfe000 	C:\Program Files\Java\openjdk-14.0.1_windows-x64_bin\jdk-14.0.1\bin\server\jvm.dll
0x00007fff38620000 - 0x00007fff386c3000 	C:\WINDOWS\System32\ADVAPI32.dll
0x00007fff38980000 - 0x00007fff38a17000 	C:\WINDOWS\System32\sechost.dll
0x00007fff383d0000 - 0x00007fff383d8000 	C:\WINDOWS\System32\PSAPI.DLL
0x00007fff30320000 - 0x00007fff30344000 	C:\WINDOWS\SYSTEM32\WINMM.dll
0x00007fff2acd0000 - 0x00007fff2acda000 	C:\WINDOWS\SYSTEM32\VERSION.dll
0x00007fff302f0000 - 0x00007fff3031d000 	C:\WINDOWS\SYSTEM32\WINMMBASE.dll
0x00007fff37900000 - 0x00007fff3794a000 	C:\WINDOWS\System32\cfgmgr32.dll
0x00007fff1a930000 - 0x00007fff1a939000 	C:\WINDOWS\SYSTEM32\WSOCK32.dll
0x00007fff38cb0000 - 0x00007fff38d1f000 	C:\WINDOWS\System32\WS2_32.dll
0x00007fff36810000 - 0x00007fff36821000 	C:\WINDOWS\System32\kernel.appcore.dll
0x00007fff2fe20000 - 0x00007fff2fe2a000 	C:\Program Files\Java\openjdk-14.0.1_windows-x64_bin\jdk-14.0.1\bin\jimage.dll
0x00007fff2f890000 - 0x00007fff2fa84000 	C:\WINDOWS\SYSTEM32\DBGHELP.DLL
0x00007fff18940000 - 0x00007fff1896a000 	C:\WINDOWS\SYSTEM32\dbgcore.DLL
0x00007fff21020000 - 0x00007fff21045000 	C:\Program Files\Java\openjdk-14.0.1_windows-x64_bin\jdk-14.0.1\bin\java.dll
0x00007fff212d0000 - 0x00007fff212e6000 	C:\Program Files\Java\openjdk-14.0.1_windows-x64_bin\jdk-14.0.1\bin\zip.dll
0x00007fff39010000 - 0x00007fff396f6000 	C:\WINDOWS\System32\SHELL32.dll
0x00007fff37fe0000 - 0x00007fff38089000 	C:\WINDOWS\System32\shcore.dll
0x00007fff37010000 - 0x00007fff37790000 	C:\WINDOWS\System32\windows.storage.dll
0x00007fff36830000 - 0x00007fff36853000 	C:\WINDOWS\System32\profapi.dll
0x00007fff36880000 - 0x00007fff368ca000 	C:\WINDOWS\System32\powrprof.dll
0x00007fff36800000 - 0x00007fff36810000 	C:\WINDOWS\System32\UMPDC.dll
0x00007fff37b10000 - 0x00007fff37b62000 	C:\WINDOWS\System32\shlwapi.dll
0x00007fff37790000 - 0x00007fff377a7000 	C:\WINDOWS\System32\cryptsp.dll
0x00007fff20fd0000 - 0x00007fff20fe9000 	C:\Program Files\Java\openjdk-14.0.1_windows-x64_bin\jdk-14.0.1\bin\net.dll
0x00007fff263c0000 - 0x00007fff264b0000 	C:\WINDOWS\SYSTEM32\WINHTTP.dll
0x00007fff36020000 - 0x00007fff36087000 	C:\WINDOWS\system32\mswsock.dll
0x00007fff1ff30000 - 0x00007fff1ff42000 	C:\Program Files\Java\openjdk-14.0.1_windows-x64_bin\jdk-14.0.1\bin\nio.dll
0x00007fff25c10000 - 0x00007fff25c20000 	C:\Program Files\Java\openjdk-14.0.1_windows-x64_bin\jdk-14.0.1\bin\verify.dll
0x00007fff1f610000 - 0x00007fff1f62a000 	C:\Program Files\JetBrains\IntelliJ IDEA Community Edition 2019.2.3\bin\breakgen64.dll
0x0000028657380000 - 0x0000028657383000 	C:\Users\imdah\.openjfx\cache\14.0.1\api-ms-win-core-console-l1-1-0.dll
0x0000028657390000 - 0x0000028657393000 	C:\Users\imdah\.openjfx\cache\14.0.1\api-ms-win-core-datetime-l1-1-0.dll
0x00000286573a0000 - 0x00000286573a3000 	C:\Users\imdah\.openjfx\cache\14.0.1\api-ms-win-core-debug-l1-1-0.dll
0x00000286573b0000 - 0x00000286573b3000 	C:\Users\imdah\.openjfx\cache\14.0.1\api-ms-win-core-errorhandling-l1-1-0.dll
0x0000028657bc0000 - 0x0000028657bc4000 	C:\Users\imdah\.openjfx\cache\14.0.1\api-ms-win-core-file-l1-1-0.dll
0x0000028657bd0000 - 0x0000028657bd3000 	C:\Users\imdah\.openjfx\cache\14.0.1\api-ms-win-core-file-l1-2-0.dll
0x0000028657be0000 - 0x0000028657be3000 	C:\Users\imdah\.openjfx\cache\14.0.1\api-ms-win-core-file-l2-1-0.dll
0x0000028657bf0000 - 0x0000028657bf3000 	C:\Users\imdah\.openjfx\cache\14.0.1\api-ms-win-core-handle-l1-1-0.dll
0x0000028657c00000 - 0x0000028657c03000 	C:\Users\imdah\.openjfx\cache\14.0.1\api-ms-win-core-heap-l1-1-0.dll
0x0000028657c10000 - 0x0000028657c13000 	C:\Users\imdah\.openjfx\cache\14.0.1\api-ms-win-core-interlocked-l1-1-0.dll
0x0000028657c20000 - 0x0000028657c23000 	C:\Users\imdah\.openjfx\cache\14.0.1\api-ms-win-core-libraryloader-l1-1-0.dll
0x0000028657c30000 - 0x0000028657c33000 	C:\Users\imdah\.openjfx\cache\14.0.1\api-ms-win-core-localization-l1-2-0.dll
0x0000028657c40000 - 0x0000028657c43000 	C:\Users\imdah\.openjfx\cache\14.0.1\api-ms-win-core-memory-l1-1-0.dll
0x0000028657c50000 - 0x0000028657c53000 	C:\Users\imdah\.openjfx\cache\14.0.1\api-ms-win-core-namedpipe-l1-1-0.dll
0x0000028657c60000 - 0x0000028657c63000 	C:\Users\imdah\.openjfx\cache\14.0.1\api-ms-win-core-processenvironment-l1-1-0.dll
0x0000028657c70000 - 0x0000028657c73000 	C:\Users\imdah\.openjfx\cache\14.0.1\api-ms-win-core-processthreads-l1-1-0.dll
0x0000028657c80000 - 0x0000028657c83000 	C:\Users\imdah\.openjfx\cache\14.0.1\api-ms-win-core-processthreads-l1-1-1.dll
0x0000028657c90000 - 0x0000028657c93000 	C:\Users\imdah\.openjfx\cache\14.0.1\api-ms-win-core-profile-l1-1-0.dll
0x0000028657ca0000 - 0x0000028657ca3000 	C:\Users\imdah\.openjfx\cache\14.0.1\api-ms-win-core-rtlsupport-l1-1-0.dll
0x0000028657cb0000 - 0x0000028657cb3000 	C:\Users\imdah\.openjfx\cache\14.0.1\api-ms-win-core-string-l1-1-0.dll
0x0000028657cc0000 - 0x0000028657cc3000 	C:\Users\imdah\.openjfx\cache\14.0.1\api-ms-win-core-synch-l1-1-0.dll
0x0000028657cd0000 - 0x0000028657cd3000 	C:\Users\imdah\.openjfx\cache\14.0.1\api-ms-win-core-synch-l1-2-0.dll
0x0000028657d00000 - 0x0000028657d03000 	C:\Users\imdah\.openjfx\cache\14.0.1\api-ms-win-core-sysinfo-l1-1-0.dll
0x0000028657d10000 - 0x0000028657d13000 	C:\Users\imdah\.openjfx\cache\14.0.1\api-ms-win-core-timezone-l1-1-0.dll
0x0000028657d20000 - 0x0000028657d23000 	C:\Users\imdah\.openjfx\cache\14.0.1\api-ms-win-core-util-l1-1-0.dll
0x0000028657d30000 - 0x0000028657d33000 	C:\Users\imdah\.openjfx\cache\14.0.1\api-ms-win-crt-conio-l1-1-0.dll
0x0000028657d40000 - 0x0000028657d44000 	C:\Users\imdah\.openjfx\cache\14.0.1\api-ms-win-crt-convert-l1-1-0.dll
0x0000028657d50000 - 0x0000028657d53000 	C:\Users\imdah\.openjfx\cache\14.0.1\api-ms-win-crt-environment-l1-1-0.dll
0x0000028657ce0000 - 0x0000028657ce3000 	C:\Users\imdah\.openjfx\cache\14.0.1\api-ms-win-crt-filesystem-l1-1-0.dll
0x0000028657cf0000 - 0x0000028657cf3000 	C:\Users\imdah\.openjfx\cache\14.0.1\api-ms-win-crt-heap-l1-1-0.dll
0x0000028657d60000 - 0x0000028657d63000 	C:\Users\imdah\.openjfx\cache\14.0.1\api-ms-win-crt-locale-l1-1-0.dll
0x0000028657d70000 - 0x0000028657d75000 	C:\Users\imdah\.openjfx\cache\14.0.1\api-ms-win-crt-math-l1-1-0.dll
0x0000028657d80000 - 0x0000028657d85000 	C:\Users\imdah\.openjfx\cache\14.0.1\api-ms-win-crt-multibyte-l1-1-0.dll
0x0000028657d90000 - 0x0000028657da0000 	C:\Users\imdah\.openjfx\cache\14.0.1\api-ms-win-crt-private-l1-1-0.dll
0x0000028657da0000 - 0x0000028657da3000 	C:\Users\imdah\.openjfx\cache\14.0.1\api-ms-win-crt-process-l1-1-0.dll
0x0000028657db0000 - 0x0000028657db4000 	C:\Users\imdah\.openjfx\cache\14.0.1\api-ms-win-crt-runtime-l1-1-0.dll
0x0000028657dc0000 - 0x0000028657dc4000 	C:\Users\imdah\.openjfx\cache\14.0.1\api-ms-win-crt-stdio-l1-1-0.dll
0x0000028657dd0000 - 0x0000028657dd4000 	C:\Users\imdah\.openjfx\cache\14.0.1\api-ms-win-crt-string-l1-1-0.dll
0x0000028657de0000 - 0x0000028657de3000 	C:\Users\imdah\.openjfx\cache\14.0.1\api-ms-win-crt-time-l1-1-0.dll
0x0000028657df0000 - 0x0000028657df3000 	C:\Users\imdah\.openjfx\cache\14.0.1\api-ms-win-crt-utility-l1-1-0.dll
0x00007fff04e30000 - 0x00007fff04f2c000 	C:\Users\imdah\.openjfx\cache\14.0.1\ucrtbase.dll
0x00007fff1f5f0000 - 0x00007fff1f605000 	C:\Users\imdah\.openjfx\cache\14.0.1\vcruntime140.dll
0x00007fff04d90000 - 0x00007fff04e2b000 	C:\Users\imdah\.openjfx\cache\14.0.1\msvcp140.dll
0x00007fff0a4b0000 - 0x00007fff0a501000 	C:\Users\imdah\.openjfx\cache\14.0.1\concrt140.dll
0x00007fff15d80000 - 0x00007fff15da3000 	C:\Users\imdah\.openjfx\cache\14.0.1\prism_d3d.dll
0x00007ffedd870000 - 0x00007ffedda37000 	C:\WINDOWS\system32\d3d9.dll
0x00007fff34f60000 - 0x00007fff34f8d000 	C:\WINDOWS\SYSTEM32\dwmapi.dll
0x00007fff35430000 - 0x00007fff35450000 	C:\WINDOWS\SYSTEM32\dxcore.dll
0x00007fff34b30000 - 0x00007fff34bc9000 	C:\WINDOWS\system32\uxtheme.dll
0x00007ffed7470000 - 0x00007ffed75d3000 	C:\WINDOWS\System32\DriverStore\FileRepository\igdlh64.inf_amd64_9ae9bb70fd84cd4d\igdumdim64.dll
0x00007ffed2d70000 - 0x00007ffed6afd000 	C:\WINDOWS\System32\DriverStore\FileRepository\igdlh64.inf_amd64_9ae9bb70fd84cd4d\igd9dxva64.dll
0x00007fff38eb0000 - 0x00007fff39007000 	C:\WINDOWS\System32\ole32.dll
0x00007fff38b10000 - 0x00007fff38bd5000 	C:\WINDOWS\System32\OLEAUT32.dll
0x00007fff293c0000 - 0x00007fff29564000 	C:\WINDOWS\System32\DriverStore\FileRepository\igdlh64.inf_amd64_9ae9bb70fd84cd4d\igdgmm64.dll
0x00007fff141a0000 - 0x00007fff141e5000 	C:\Users\imdah\.openjfx\cache\14.0.1\glass.dll
0x00007fff38be0000 - 0x00007fff38cb0000 	C:\WINDOWS\System32\COMDLG32.dll
0x00007fff38840000 - 0x00007fff38975000 	C:\WINDOWS\System32\MSCTF.dll
0x00007fff25d90000 - 0x00007fff25db6000 	C:\WINDOWS\System32\DriverStore\FileRepository\igdlh64.inf_amd64_9ae9bb70fd84cd4d\igdinfo64.dll
0x00007fff26c10000 - 0x00007fff29048000 	C:\WINDOWS\System32\DriverStore\FileRepository\igdlh64.inf_amd64_9ae9bb70fd84cd4d\igc64.dll
0x00007fff1ef50000 - 0x00007fff1ef64000 	C:\Users\imdah\.openjfx\cache\14.0.1\javafx_font.dll
0x00007fff238e0000 - 0x00007fff23bde000 	C:\WINDOWS\SYSTEM32\dwrite.dll
0x00007fff386d0000 - 0x00007fff38772000 	C:\WINDOWS\System32\clbcatq.dll
0x00007fff2e760000 - 0x00007fff2e90f000 	C:\WINDOWS\SYSTEM32\WindowsCodecs.dll
0x00007fff0d880000 - 0x00007fff0d8ba000 	C:\WINDOWS\system32\dataexchange.dll
0x00007fff34230000 - 0x00007fff3440c000 	C:\WINDOWS\system32\dcomp.dll
0x00007fff33b70000 - 0x00007fff33dcb000 	C:\WINDOWS\system32\d3d11.dll
0x00007fff354c0000 - 0x00007fff355ab000 	C:\WINDOWS\system32\dxgi.dll
0x00007fff34c00000 - 0x00007fff34e61000 	C:\WINDOWS\system32\twinapi.appcore.dll
0x00007fff35040000 - 0x00007fff35069000 	C:\WINDOWS\system32\RMCLIENT.dll
0x00007fff13ee0000 - 0x00007fff13f13000 	C:\Program Files\Common Files\Microsoft Shared\Ink\rtscom.dll
0x00007fff258d0000 - 0x00007fff2596e000 	C:\WINDOWS\System32\TextInputFramework.dll
0x00007fff2e930000 - 0x00007fff2ec5a000 	C:\WINDOWS\System32\CoreUIComponents.dll
0x00007fff347d0000 - 0x00007fff348a4000 	C:\WINDOWS\System32\CoreMessaging.dll
0x00007fff35820000 - 0x00007fff35851000 	C:\WINDOWS\SYSTEM32\ntmarta.dll
0x00007fff2efb0000 - 0x00007fff2f103000 	C:\WINDOWS\SYSTEM32\wintypes.dll
0x00007fff242e0000 - 0x00007fff24586000 	C:\WINDOWS\System32\iertutil.dll

dbghelp: loaded successfully - version: 4.0.5 - missing functions: none
symbol engine: initialized successfully - sym options: 0x614 - pdb path: .;C:\Program Files\Java\openjdk-14.0.1_windows-x64_bin\jdk-14.0.1\bin;C:\WINDOWS\SYSTEM32;C:\WINDOWS\WinSxS\amd64_microsoft.windows.common-controls_6595b64144ccf1df_6.0.18362.900_none_e6beb9d913147d17;C:\Program Files\Java\openjdk-14.0.1_windows-x64_bin\jdk-14.0.1\bin\server;C:\Program Files\JetBrains\IntelliJ IDEA Community Edition 2019.2.3\bin;C:\Users\imdah\.openjfx\cache\14.0.1;C:\WINDOWS\System32\DriverStore\FileRepository\igdlh64.inf_amd64_9ae9bb70fd84cd4d;C:\Program Files\Common Files\Microsoft Shared\Ink

VM Arguments:
jvm_args: -Didea.launcher.port=52041 -Didea.launcher.bin.path=C:\Program Files\JetBrains\IntelliJ IDEA Community Edition 2019.2.3\bin -Dfile.encoding=UTF-8 
java_command: com.intellij.rt.execution.application.AppMainV2 view.SpaceInvaders
java_class_path (initial): C:\Users\imdah\Documents\Informatik\EIST\eist20t03e01-moluveni\target\classes;C:\Users\imdah\.m2\repository\org\openjfx\javafx-base\14.0.1\javafx-base-14.0.1.jar;C:\Users\imdah\.m2\repository\org\openjfx\javafx-base\14.0.1\javafx-base-14.0.1-win.jar;C:\Users\imdah\.m2\repository\org\openjfx\javafx-controls\14.0.1\javafx-controls-14.0.1.jar;C:\Users\imdah\.m2\repository\org\openjfx\javafx-controls\14.0.1\javafx-controls-14.0.1-win.jar;C:\Users\imdah\.m2\repository\org\openjfx\javafx-media\14.0.1\javafx-media-14.0.1.jar;C:\Users\imdah\.m2\repository\org\openjfx\javafx-media\14.0.1\javafx-media-14.0.1-win.jar;C:\Users\imdah\.m2\repository\org\openjfx\javafx-graphics\14.0.1\javafx-graphics-14.0.1.jar;C:\Users\imdah\.m2\repository\org\openjfx\javafx-graphics\14.0.1\javafx-graphics-14.0.1-win.jar;C:\Program Files\JetBrains\IntelliJ IDEA Community Edition 2019.2.3\lib\idea_rt.jar
Launcher Type: SUN_STANDARD

[Global flags]
     intx CICompilerCount                          = 3                                         {product} {ergonomic}
     uint ConcGCThreads                            = 1                                         {product} {ergonomic}
     uint G1ConcRefinementThreads                  = 4                                         {product} {ergonomic}
   size_t G1HeapRegionSize                         = 1048576                                   {product} {ergonomic}
    uintx GCDrainStackTargetSize                   = 64                                        {product} {ergonomic}
   size_t InitialHeapSize                          = 134217728                                 {product} {ergonomic}
   size_t MarkStackSize                            = 4194304                                   {product} {ergonomic}
   size_t MaxHeapSize                              = 2122317824                                {product} {ergonomic}
   size_t MaxNewSize                               = 1272971264                                {product} {ergonomic}
   size_t MinHeapDeltaBytes                        = 1048576                                   {product} {ergonomic}
   size_t MinHeapSize                              = 8388608                                   {product} {ergonomic}
    uintx NonNMethodCodeHeapSize                   = 5832780                                {pd product} {ergonomic}
    uintx NonProfiledCodeHeapSize                  = 122912730                              {pd product} {ergonomic}
    uintx ProfiledCodeHeapSize                     = 122912730                              {pd product} {ergonomic}
    uintx ReservedCodeCacheSize                    = 251658240                              {pd product} {ergonomic}
     bool SegmentedCodeCache                       = true                                      {product} {ergonomic}
   size_t SoftMaxHeapSize                          = 2122317824                             {manageable} {ergonomic}
     bool UseCompressedClassPointers               = true                                 {lp64_product} {ergonomic}
     bool UseCompressedOops                        = true                                 {lp64_product} {ergonomic}
     bool UseG1GC                                  = true                                      {product} {ergonomic}
     bool UseLargePagesIndividualAllocation        = false                                  {pd product} {ergonomic}

Logging:
Log output configuration:
 #0: stdout all=warning uptime,level,tags
 #1: stderr all=off uptime,level,tags

Environment Variables:
PATH=C:\Program Files (x86)\Common Files\Oracle\Java\javapath;C:\WINDOWS\system32;C:\WINDOWS;C:\WINDOWS\System32\Wbem;C:\WINDOWS\System32\WindowsPowerShell\v1.0\;C:\Program Files\MATLAB\R2017b\bin;C:\WINDOWS\System32\OpenSSH\;C:\Program Files\dotnet\;C:\Program Files\Intel\WiFi\bin\;C:\Program Files\Common Files\Intel\WirelessCommon\;C:\Program Files\OpenVPN\bin;C:\Program Files (x86)\Intel\Intel(R) Management Engine Components\DAL;C:\Program Files\Intel\Intel(R) Management Engine Components\DAL;C:\Program Files\Git\cmd;C:\Program Files\Java\jdk-13.0.1\bin;C:\Users\imdah\AppData\Local\Programs\Python\Python37\Scripts\;C:\Users\imdah\AppData\Local\Programs\Python\Python37\;C:\Users\imdah\AppData\Local\Microsoft\WindowsApps;C:\Program Files\Oracle\VirtualBox;
USERNAME=imdah
OS=Windows_NT
PROCESSOR_IDENTIFIER=Intel64 Family 6 Model 142 Stepping 9, GenuineIntel



---------------  S Y S T E M  ---------------

OS: Windows 10 , 64 bit Build 18362 (10.0.18362.900)
OS uptime: 4 days 22:58 hours
HyperV virtualization detected

CPU:total 4 (initial active 4) (2 cores per cpu, 2 threads per core) family 6 model 142 stepping 9, cmov, cx8, fxsr, mmx, sse, sse2, sse3, ssse3, sse4.1, sse4.2, popcnt, avx, avx2, aes, clmul, erms, 3dnowpref, lzcnt, ht, tsc, tscinvbit, bmi1, bmi2, adx, fma

Memory: 4k page, system-wide physical 8089M (1975M free)
TotalPageFile size 9936M (AvailPageFile size 6M)
current process WorkingSet (physical memory assigned to process): 132M, peak: 135M
current process commit charge ("private bytes"): 276M, peak: 281M

vm_info: OpenJDK 64-Bit Server VM (14.0.1+7) for windows-amd64 JRE (14.0.1+7), built on Mar  5 2020 10:30:04 by "mach5one" with MS VC++ 15.9 (VS2017)

END.
